<?xml version="1.0" encoding="UTF-8"?>
<!-- Generated by org.testng.reporters.JUnitXMLReporter -->
<testsuite hostname="DESKTOP-8NOJ2V6" ignored="0" name="Surefire test" tests="9" failures="1" timestamp="19 дек 2019 12:14:43 GMT" time="95.571" errors="0">
  <testcase name="oneCanBookRoomForTwoAdults" time="8.447" classname="by.mmf.sharubapv.test.BookingTests">
    <failure type="org.openqa.selenium.InvalidSelectorException" message="invalid selector: Unable to locate an element with the xpath expression //h3[contains(class(), &amp;apos;p-name&amp;apos;)]/a because of the following error:
SyntaxError: Failed to execute &amp;apos;evaluate&amp;apos; on &amp;apos;Document&amp;apos;: The string &amp;apos;//h3[contains(class(), &amp;apos;p-name&amp;apos;)]/a&amp;apos; is not a valid XPath expression.
  (Session info: chrome=79.0.3945.88)
For documentation on this error, please visit: http://seleniumhq.org/exceptions/invalid_selector_exception.html
Build info: version: &amp;apos;3.141.0&amp;apos;, revision: &amp;apos;2ecb7d9a&amp;apos;, time: &amp;apos;2018-10-31T20:09:30&amp;apos;
System info: host: &amp;apos;DESKTOP-8NOJ2V6&amp;apos;, ip: &amp;apos;192.168.1.2&amp;apos;, os.name: &amp;apos;Windows 10&amp;apos;, os.arch: &amp;apos;amd64&amp;apos;, os.version: &amp;apos;10.0&amp;apos;, java.version: &amp;apos;1.8.0_201&amp;apos;
Driver info: org.openqa.selenium.chrome.ChromeDriver
Capabilities {acceptInsecureCerts: false, browserName: chrome, browserVersion: 79.0.3945.88, chrome: {chromedriverVersion: 79.0.3945.36 (3582db32b3389..., userDataDir: C:\Users\mynam\AppData\Loca...}, goog:chromeOptions: {debuggerAddress: localhost:9790}, javascriptEnabled: true, networkConnectionEnabled: false, pageLoadStrategy: normal, platform: WINDOWS, platformName: WINDOWS, proxy: Proxy(), setWindowRect: true, strictFileInteractability: false, timeouts: {implicit: 0, pageLoad: 300000, script: 30000}, unhandledPromptBehavior: dismiss and notify}
Session ID: fe41350c64b449926e70f3ee599d4787
*** Element info: {Using=xpath, value=//h3[contains(class(), &amp;apos;p-name&amp;apos;)]/a}">
      <![CDATA[org.openqa.selenium.InvalidSelectorException: invalid selector: Unable to locate an element with the xpath expression //h3[contains(class(), 'p-name')]/a because of the following error:
SyntaxError: Failed to execute 'evaluate' on 'Document': The string '//h3[contains(class(), 'p-name')]/a' is not a valid XPath expression.
  (Session info: chrome=79.0.3945.88)
For documentation on this error, please visit: http://seleniumhq.org/exceptions/invalid_selector_exception.html
Build info: version: '3.141.0', revision: '2ecb7d9a', time: '2018-10-31T20:09:30'
System info: host: 'DESKTOP-8NOJ2V6', ip: '192.168.1.2', os.name: 'Windows 10', os.arch: 'amd64', os.version: '10.0', java.version: '1.8.0_201'
Driver info: org.openqa.selenium.chrome.ChromeDriver
Capabilities {acceptInsecureCerts: false, browserName: chrome, browserVersion: 79.0.3945.88, chrome: {chromedriverVersion: 79.0.3945.36 (3582db32b3389..., userDataDir: C:\Users\mynam\AppData\Loca...}, goog:chromeOptions: {debuggerAddress: localhost:9790}, javascriptEnabled: true, networkConnectionEnabled: false, pageLoadStrategy: normal, platform: WINDOWS, platformName: WINDOWS, proxy: Proxy(), setWindowRect: true, strictFileInteractability: false, timeouts: {implicit: 0, pageLoad: 300000, script: 30000}, unhandledPromptBehavior: dismiss and notify}
Session ID: fe41350c64b449926e70f3ee599d4787
*** Element info: {Using=xpath, value=//h3[contains(class(), 'p-name')]/a}
at org.openqa.selenium.remote.http.W3CHttpResponseCodec.createException(W3CHttpResponseCodec.java:187)
at org.openqa.selenium.remote.http.W3CHttpResponseCodec.decode(W3CHttpResponseCodec.java:122)
at org.openqa.selenium.remote.http.W3CHttpResponseCodec.decode(W3CHttpResponseCodec.java:49)
at org.openqa.selenium.remote.HttpCommandExecutor.execute(HttpCommandExecutor.java:158)
at org.openqa.selenium.remote.service.DriverCommandExecutor.execute(DriverCommandExecutor.java:83)
at org.openqa.selenium.remote.RemoteWebDriver.execute(RemoteWebDriver.java:552)
at org.openqa.selenium.remote.RemoteWebElement.execute(RemoteWebElement.java:285)
at org.openqa.selenium.remote.RemoteWebElement.findElement(RemoteWebElement.java:185)
at org.openqa.selenium.remote.RemoteWebElement.findElementByXPath(RemoteWebElement.java:261)
at org.openqa.selenium.By$ByXPath.findElement(By.java:353)
at org.openqa.selenium.remote.RemoteWebElement.findElement(RemoteWebElement.java:181)
at by.mmf.sharubapv.page.MainPage.goToHotelPage(MainPage.java:107)
at by.mmf.sharubapv.test.BookingTests.oneCanBookRoomForTwoAdults(BookingTests.java:24)
... Removed 34 stack frames]]>
    </failure>
  </testcase> <!-- oneCanBookRoomForTwoAdults -->
  <testcase name="mustBeAtLeastOneFiveStarRoomWithWifiFound" time="8.622" classname="by.mmf.sharubapv.test.SearchTests"/>
  <testcase name="mustBeAtLeastOneFlatFound" time="9.61" classname="by.mmf.sharubapv.test.SearchTests"/>
  <testcase name="mustBeAtLeastOneRoomForTomorrow" time="8.303" classname="by.mmf.sharubapv.test.SearchTests"/>
  <testcase name="mustNotBeAnyRoomForLastWeek" time="4.36" classname="by.mmf.sharubapv.test.SearchTests"/>
  <testcase name="searchForExistingCityGivesResult" time="7.98" classname="by.mmf.sharubapv.test.SearchTests"/>
  <testcase name="searchForRandomStringGivesError" time="5.871" classname="by.mmf.sharubapv.test.SearchTests"/>
  <testcase name="searchInSpecialOffersMustFindAtLeastOneSpecialOffer" time="13.796" classname="by.mmf.sharubapv.test.SearchTests"/>
  <testcase name="whenMoneyChangedToUsdPricesMustBeAtUsd" time="10.742" classname="by.mmf.sharubapv.test.SearchTests"/>
</testsuite> <!-- Surefire test -->
