<?xml version="1.0" encoding="UTF-8"?>
<testng-results skipped="0" failed="2" ignored="0" total="9" passed="7">
  <reporter-output>
  </reporter-output>
  <suite name="Surefire suite" duration-ms="115857" started-at="2019-12-19T13:15:08Z" finished-at="2019-12-19T13:17:03Z">
    <groups>
    </groups>
    <test name="Surefire test" duration-ms="115857" started-at="2019-12-19T13:15:08Z" finished-at="2019-12-19T13:17:03Z">
      <class name="by.mmf.sharubapv.test.BookingTests">
        <test-method status="PASS" signature="setUp()[pri:0, instance:by.mmf.sharubapv.test.BookingTests@90f6bfd]" name="setUp" is-config="true" duration-ms="2321" started-at="2019-12-19T13:15:08Z" finished-at="2019-12-19T13:15:10Z">
          <reporter-output>
          </reporter-output>
        </test-method> <!-- setUp -->
        <test-method status="FAIL" signature="oneCanBookRoomForTwoAdults()[pri:0, instance:by.mmf.sharubapv.test.BookingTests@90f6bfd]" name="oneCanBookRoomForTwoAdults" duration-ms="30102" started-at="2019-12-19T13:15:10Z" finished-at="2019-12-19T13:15:40Z">
          <exception class="org.openqa.selenium.TimeoutException">
            <message>
              <![CDATA[Expected condition failed: waiting for presence of element located by: By.xpath: //*[@id='booking-form'] (tried for 10 second(s) with 500 milliseconds interval)]]>
            </message>
            <full-stacktrace>
              <![CDATA[org.openqa.selenium.TimeoutException: Expected condition failed: waiting for presence of element located by: By.xpath: //*[@id='booking-form'] (tried for 10 second(s) with 500 milliseconds interval)
at org.openqa.selenium.support.ui.WebDriverWait.timeoutException(WebDriverWait.java:95)
at org.openqa.selenium.support.ui.FluentWait.until(FluentWait.java:272)
at by.mmf.sharubapv.page.BookRoomPage.bookRoom(BookRoomPage.java:46)
at by.mmf.sharubapv.test.BookingTests.oneCanBookRoomForTwoAdults(BookingTests.java:27)
at sun.reflect.NativeMethodAccessorImpl.invoke0(Native Method)
at sun.reflect.NativeMethodAccessorImpl.invoke(NativeMethodAccessorImpl.java:62)
at sun.reflect.DelegatingMethodAccessorImpl.invoke(DelegatingMethodAccessorImpl.java:43)
at java.lang.reflect.Method.invoke(Method.java:498)
at org.testng.internal.MethodInvocationHelper.invokeMethod(MethodInvocationHelper.java:124)
at org.testng.internal.Invoker.invokeMethod(Invoker.java:583)
at org.testng.internal.Invoker.invokeTestMethod(Invoker.java:719)
at org.testng.internal.Invoker.invokeTestMethods(Invoker.java:989)
at org.testng.internal.TestMethodWorker.invokeTestMethods(TestMethodWorker.java:125)
at org.testng.internal.TestMethodWorker.run(TestMethodWorker.java:109)
at org.testng.TestRunner.privateRun(TestRunner.java:648)
at org.testng.TestRunner.run(TestRunner.java:505)
at org.testng.SuiteRunner.runTest(SuiteRunner.java:455)
at org.testng.SuiteRunner.runSequentially(SuiteRunner.java:450)
at org.testng.SuiteRunner.privateRun(SuiteRunner.java:415)
at org.testng.SuiteRunner.run(SuiteRunner.java:364)
at org.testng.SuiteRunnerWorker.runSuite(SuiteRunnerWorker.java:52)
at org.testng.SuiteRunnerWorker.run(SuiteRunnerWorker.java:84)
at org.testng.TestNG.runSuitesSequentially(TestNG.java:1208)
at org.testng.TestNG.runSuitesLocally(TestNG.java:1137)
at org.testng.TestNG.runSuites(TestNG.java:1049)
at org.testng.TestNG.run(TestNG.java:1017)
at org.apache.maven.surefire.testng.TestNGExecutor.run(TestNGExecutor.java:135)
at org.apache.maven.surefire.testng.TestNGDirectoryTestSuite.executeMulti(TestNGDirectoryTestSuite.java:193)
at org.apache.maven.surefire.testng.TestNGDirectoryTestSuite.execute(TestNGDirectoryTestSuite.java:94)
at org.apache.maven.surefire.testng.TestNGProvider.invoke(TestNGProvider.java:146)
at org.apache.maven.surefire.booter.ForkedBooter.invokeProviderInSameClassLoader(ForkedBooter.java:384)
at org.apache.maven.surefire.booter.ForkedBooter.runSuitesInProcess(ForkedBooter.java:345)
at org.apache.maven.surefire.booter.ForkedBooter.execute(ForkedBooter.java:126)
at org.apache.maven.surefire.booter.ForkedBooter.main(ForkedBooter.java:418)
Caused by: org.openqa.selenium.NoSuchElementException: no such element: Unable to locate element: {"method":"xpath","selector":"//*[@id='booking-form']"}
  (Session info: chrome=79.0.3945.88)
For documentation on this error, please visit: http://seleniumhq.org/exceptions/no_such_element.html
Build info: version: '3.141.0', revision: '2ecb7d9a', time: '2018-10-31T20:09:30'
System info: host: 'DESKTOP-8NOJ2V6', ip: '192.168.1.2', os.name: 'Windows 10', os.arch: 'amd64', os.version: '10.0', java.version: '1.8.0_201'
Driver info: org.openqa.selenium.chrome.ChromeDriver
Capabilities {acceptInsecureCerts: false, browserName: chrome, browserVersion: 79.0.3945.88, chrome: {chromedriverVersion: 79.0.3945.36 (3582db32b3389..., userDataDir: C:\Users\mynam\AppData\Loca...}, goog:chromeOptions: {debuggerAddress: localhost:12426}, javascriptEnabled: true, networkConnectionEnabled: false, pageLoadStrategy: normal, platform: WINDOWS, platformName: WINDOWS, proxy: Proxy(), setWindowRect: true, strictFileInteractability: false, timeouts: {implicit: 0, pageLoad: 300000, script: 30000}, unhandledPromptBehavior: dismiss and notify}
Session ID: ec9d6856bcd636df472ce2a3b3e50515
*** Element info: {Using=xpath, value=//*[@id='booking-form']}
at sun.reflect.GeneratedConstructorAccessor21.newInstance(Unknown Source)
at sun.reflect.DelegatingConstructorAccessorImpl.newInstance(DelegatingConstructorAccessorImpl.java:45)
at java.lang.reflect.Constructor.newInstance(Constructor.java:423)
at org.openqa.selenium.remote.http.W3CHttpResponseCodec.createException(W3CHttpResponseCodec.java:187)
at org.openqa.selenium.remote.http.W3CHttpResponseCodec.decode(W3CHttpResponseCodec.java:122)
at org.openqa.selenium.remote.http.W3CHttpResponseCodec.decode(W3CHttpResponseCodec.java:49)
at org.openqa.selenium.remote.HttpCommandExecutor.execute(HttpCommandExecutor.java:158)
at org.openqa.selenium.remote.service.DriverCommandExecutor.execute(DriverCommandExecutor.java:83)
at org.openqa.selenium.remote.RemoteWebDriver.execute(RemoteWebDriver.java:552)
at org.openqa.selenium.remote.RemoteWebDriver.findElement(RemoteWebDriver.java:323)
at org.openqa.selenium.remote.RemoteWebDriver.findElementByXPath(RemoteWebDriver.java:428)
at org.openqa.selenium.By$ByXPath.findElement(By.java:353)
at org.openqa.selenium.remote.RemoteWebDriver.findElement(RemoteWebDriver.java:315)
at org.openqa.selenium.support.ui.ExpectedConditions$6.apply(ExpectedConditions.java:182)
at org.openqa.selenium.support.ui.ExpectedConditions$6.apply(ExpectedConditions.java:179)
at org.openqa.selenium.support.ui.FluentWait.until(FluentWait.java:249)
... 32 more
]]>
            </full-stacktrace>
          </exception> <!-- org.openqa.selenium.TimeoutException -->
          <reporter-output>
          </reporter-output>
        </test-method> <!-- oneCanBookRoomForTwoAdults -->
        <test-method status="PASS" signature="stopBrowser()[pri:0, instance:by.mmf.sharubapv.test.BookingTests@90f6bfd]" name="stopBrowser" is-config="true" duration-ms="641" started-at="2019-12-19T13:15:40Z" finished-at="2019-12-19T13:15:41Z">
          <reporter-output>
          </reporter-output>
        </test-method> <!-- stopBrowser -->
      </class> <!-- by.mmf.sharubapv.test.BookingTests -->
      <class name="by.mmf.sharubapv.test.SearchTests">
        <test-method status="PASS" signature="setUp()[pri:0, instance:by.mmf.sharubapv.test.SearchTests@47f6473]" name="setUp" is-config="true" duration-ms="1241" started-at="2019-12-19T13:15:41Z" finished-at="2019-12-19T13:15:42Z">
          <reporter-output>
          </reporter-output>
        </test-method> <!-- setUp -->
        <test-method status="PASS" signature="mustBeAtLeastOneFiveStarRoomWithWifiFound()[pri:0, instance:by.mmf.sharubapv.test.SearchTests@47f6473]" name="mustBeAtLeastOneFiveStarRoomWithWifiFound" duration-ms="9703" started-at="2019-12-19T13:15:42Z" finished-at="2019-12-19T13:15:52Z">
          <reporter-output>
          </reporter-output>
        </test-method> <!-- mustBeAtLeastOneFiveStarRoomWithWifiFound -->
        <test-method status="PASS" signature="stopBrowser()[pri:0, instance:by.mmf.sharubapv.test.SearchTests@47f6473]" name="stopBrowser" is-config="true" duration-ms="620" started-at="2019-12-19T13:15:52Z" finished-at="2019-12-19T13:15:53Z">
          <reporter-output>
          </reporter-output>
        </test-method> <!-- stopBrowser -->
        <test-method status="PASS" signature="setUp()[pri:0, instance:by.mmf.sharubapv.test.SearchTests@47f6473]" name="setUp" is-config="true" duration-ms="1243" started-at="2019-12-19T13:15:53Z" finished-at="2019-12-19T13:15:54Z">
          <reporter-output>
          </reporter-output>
        </test-method> <!-- setUp -->
        <test-method status="PASS" signature="mustBeAtLeastOneFlatFound()[pri:0, instance:by.mmf.sharubapv.test.SearchTests@47f6473]" name="mustBeAtLeastOneFlatFound" duration-ms="8771" started-at="2019-12-19T13:15:54Z" finished-at="2019-12-19T13:16:03Z">
          <reporter-output>
          </reporter-output>
        </test-method> <!-- mustBeAtLeastOneFlatFound -->
        <test-method status="PASS" signature="stopBrowser()[pri:0, instance:by.mmf.sharubapv.test.SearchTests@47f6473]" name="stopBrowser" is-config="true" duration-ms="598" started-at="2019-12-19T13:16:03Z" finished-at="2019-12-19T13:16:03Z">
          <reporter-output>
          </reporter-output>
        </test-method> <!-- stopBrowser -->
        <test-method status="PASS" signature="setUp()[pri:0, instance:by.mmf.sharubapv.test.SearchTests@47f6473]" name="setUp" is-config="true" duration-ms="1247" started-at="2019-12-19T13:16:03Z" finished-at="2019-12-19T13:16:05Z">
          <reporter-output>
          </reporter-output>
        </test-method> <!-- setUp -->
        <test-method status="PASS" signature="mustBeAtLeastOneRoomForTomorrow()[pri:0, instance:by.mmf.sharubapv.test.SearchTests@47f6473]" name="mustBeAtLeastOneRoomForTomorrow" duration-ms="9275" started-at="2019-12-19T13:16:05Z" finished-at="2019-12-19T13:16:14Z">
          <reporter-output>
          </reporter-output>
        </test-method> <!-- mustBeAtLeastOneRoomForTomorrow -->
        <test-method status="PASS" signature="stopBrowser()[pri:0, instance:by.mmf.sharubapv.test.SearchTests@47f6473]" name="stopBrowser" is-config="true" duration-ms="622" started-at="2019-12-19T13:16:14Z" finished-at="2019-12-19T13:16:14Z">
          <reporter-output>
          </reporter-output>
        </test-method> <!-- stopBrowser -->
        <test-method status="PASS" signature="setUp()[pri:0, instance:by.mmf.sharubapv.test.SearchTests@47f6473]" name="setUp" is-config="true" duration-ms="1225" started-at="2019-12-19T13:16:14Z" finished-at="2019-12-19T13:16:16Z">
          <reporter-output>
          </reporter-output>
        </test-method> <!-- setUp -->
        <test-method status="PASS" signature="mustNotBeAnyRoomForLastWeek()[pri:0, instance:by.mmf.sharubapv.test.SearchTests@47f6473]" name="mustNotBeAnyRoomForLastWeek" duration-ms="6941" started-at="2019-12-19T13:16:16Z" finished-at="2019-12-19T13:16:23Z">
          <reporter-output>
          </reporter-output>
        </test-method> <!-- mustNotBeAnyRoomForLastWeek -->
        <test-method status="PASS" signature="stopBrowser()[pri:0, instance:by.mmf.sharubapv.test.SearchTests@47f6473]" name="stopBrowser" is-config="true" duration-ms="604" started-at="2019-12-19T13:16:23Z" finished-at="2019-12-19T13:16:23Z">
          <reporter-output>
          </reporter-output>
        </test-method> <!-- stopBrowser -->
        <test-method status="PASS" signature="setUp()[pri:0, instance:by.mmf.sharubapv.test.SearchTests@47f6473]" name="setUp" is-config="true" duration-ms="1242" started-at="2019-12-19T13:16:23Z" finished-at="2019-12-19T13:16:24Z">
          <reporter-output>
          </reporter-output>
        </test-method> <!-- setUp -->
        <test-method status="PASS" signature="searchForExistingCityGivesResult()[pri:0, instance:by.mmf.sharubapv.test.SearchTests@47f6473]" name="searchForExistingCityGivesResult" duration-ms="8180" started-at="2019-12-19T13:16:24Z" finished-at="2019-12-19T13:16:33Z">
          <reporter-output>
          </reporter-output>
        </test-method> <!-- searchForExistingCityGivesResult -->
        <test-method status="PASS" signature="stopBrowser()[pri:0, instance:by.mmf.sharubapv.test.SearchTests@47f6473]" name="stopBrowser" is-config="true" duration-ms="614" started-at="2019-12-19T13:16:33Z" finished-at="2019-12-19T13:16:33Z">
          <reporter-output>
          </reporter-output>
        </test-method> <!-- stopBrowser -->
        <test-method status="PASS" signature="setUp()[pri:0, instance:by.mmf.sharubapv.test.SearchTests@47f6473]" name="setUp" is-config="true" duration-ms="1224" started-at="2019-12-19T13:16:33Z" finished-at="2019-12-19T13:16:34Z">
          <reporter-output>
          </reporter-output>
        </test-method> <!-- setUp -->
        <test-method status="PASS" signature="searchForRandomStringGivesError()[pri:0, instance:by.mmf.sharubapv.test.SearchTests@47f6473]" name="searchForRandomStringGivesError" duration-ms="5623" started-at="2019-12-19T13:16:34Z" finished-at="2019-12-19T13:16:40Z">
          <reporter-output>
          </reporter-output>
        </test-method> <!-- searchForRandomStringGivesError -->
        <test-method status="PASS" signature="stopBrowser()[pri:0, instance:by.mmf.sharubapv.test.SearchTests@47f6473]" name="stopBrowser" is-config="true" duration-ms="597" started-at="2019-12-19T13:16:40Z" finished-at="2019-12-19T13:16:41Z">
          <reporter-output>
          </reporter-output>
        </test-method> <!-- stopBrowser -->
        <test-method status="PASS" signature="setUp()[pri:0, instance:by.mmf.sharubapv.test.SearchTests@47f6473]" name="setUp" is-config="true" duration-ms="1256" started-at="2019-12-19T13:16:41Z" finished-at="2019-12-19T13:16:42Z">
          <reporter-output>
          </reporter-output>
        </test-method> <!-- setUp -->
        <test-method status="PASS" signature="searchInSpecialOffersMustFindAtLeastOneSpecialOffer()[pri:0, instance:by.mmf.sharubapv.test.SearchTests@47f6473]" name="searchInSpecialOffersMustFindAtLeastOneSpecialOffer" duration-ms="10870" started-at="2019-12-19T13:16:42Z" finished-at="2019-12-19T13:16:53Z">
          <reporter-output>
          </reporter-output>
        </test-method> <!-- searchInSpecialOffersMustFindAtLeastOneSpecialOffer -->
        <test-method status="PASS" signature="stopBrowser()[pri:0, instance:by.mmf.sharubapv.test.SearchTests@47f6473]" name="stopBrowser" is-config="true" duration-ms="600" started-at="2019-12-19T13:16:53Z" finished-at="2019-12-19T13:16:53Z">
          <reporter-output>
          </reporter-output>
        </test-method> <!-- stopBrowser -->
        <test-method status="PASS" signature="setUp()[pri:0, instance:by.mmf.sharubapv.test.SearchTests@47f6473]" name="setUp" is-config="true" duration-ms="1219" started-at="2019-12-19T13:16:53Z" finished-at="2019-12-19T13:16:55Z">
          <reporter-output>
          </reporter-output>
        </test-method> <!-- setUp -->
        <test-method status="FAIL" signature="whenMoneyChangedToUsdPricesMustBeAtUsd()[pri:0, instance:by.mmf.sharubapv.test.SearchTests@47f6473]" name="whenMoneyChangedToUsdPricesMustBeAtUsd" duration-ms="7382" started-at="2019-12-19T13:16:55Z" finished-at="2019-12-19T13:17:02Z">
          <exception class="org.openqa.selenium.ElementClickInterceptedException">
            <message>
              <![CDATA[element click intercepted: Element <button type="submit" class="cta cta-strong">...</button> is not clickable at point (479, 468). Other element would receive the click: <td colspan="2">...</td>
  (Session info: chrome=79.0.3945.88)
Build info: version: '3.141.0', revision: '2ecb7d9a', time: '2018-10-31T20:09:30'
System info: host: 'DESKTOP-8NOJ2V6', ip: '192.168.1.2', os.name: 'Windows 10', os.arch: 'amd64', os.version: '10.0', java.version: '1.8.0_201'
Driver info: org.openqa.selenium.chrome.ChromeDriver
Capabilities {acceptInsecureCerts: false, browserName: chrome, browserVersion: 79.0.3945.88, chrome: {chromedriverVersion: 79.0.3945.36 (3582db32b3389..., userDataDir: C:\Users\mynam\AppData\Loca...}, goog:chromeOptions: {debuggerAddress: localhost:13227}, javascriptEnabled: true, networkConnectionEnabled: false, pageLoadStrategy: normal, platform: WINDOWS, platformName: WINDOWS, proxy: Proxy(), setWindowRect: true, strictFileInteractability: false, timeouts: {implicit: 0, pageLoad: 300000, script: 30000}, unhandledPromptBehavior: dismiss and notify}
Session ID: c43b3f156f5e5eef6354e68ce0c781be]]>
            </message>
            <full-stacktrace>
              <![CDATA[org.openqa.selenium.ElementClickInterceptedException: element click intercepted: Element <button type="submit" class="cta cta-strong">...</button> is not clickable at point (479, 468). Other element would receive the click: <td colspan="2">...</td>
  (Session info: chrome=79.0.3945.88)
Build info: version: '3.141.0', revision: '2ecb7d9a', time: '2018-10-31T20:09:30'
System info: host: 'DESKTOP-8NOJ2V6', ip: '192.168.1.2', os.name: 'Windows 10', os.arch: 'amd64', os.version: '10.0', java.version: '1.8.0_201'
Driver info: org.openqa.selenium.chrome.ChromeDriver
Capabilities {acceptInsecureCerts: false, browserName: chrome, browserVersion: 79.0.3945.88, chrome: {chromedriverVersion: 79.0.3945.36 (3582db32b3389..., userDataDir: C:\Users\mynam\AppData\Loca...}, goog:chromeOptions: {debuggerAddress: localhost:13227}, javascriptEnabled: true, networkConnectionEnabled: false, pageLoadStrategy: normal, platform: WINDOWS, platformName: WINDOWS, proxy: Proxy(), setWindowRect: true, strictFileInteractability: false, timeouts: {implicit: 0, pageLoad: 300000, script: 30000}, unhandledPromptBehavior: dismiss and notify}
Session ID: c43b3f156f5e5eef6354e68ce0c781be
at sun.reflect.NativeConstructorAccessorImpl.newInstance0(Native Method)
at sun.reflect.NativeConstructorAccessorImpl.newInstance(NativeConstructorAccessorImpl.java:62)
at sun.reflect.DelegatingConstructorAccessorImpl.newInstance(DelegatingConstructorAccessorImpl.java:45)
at java.lang.reflect.Constructor.newInstance(Constructor.java:423)
at org.openqa.selenium.remote.http.W3CHttpResponseCodec.createException(W3CHttpResponseCodec.java:187)
at org.openqa.selenium.remote.http.W3CHttpResponseCodec.decode(W3CHttpResponseCodec.java:122)
at org.openqa.selenium.remote.http.W3CHttpResponseCodec.decode(W3CHttpResponseCodec.java:49)
at org.openqa.selenium.remote.HttpCommandExecutor.execute(HttpCommandExecutor.java:158)
at org.openqa.selenium.remote.service.DriverCommandExecutor.execute(DriverCommandExecutor.java:83)
at org.openqa.selenium.remote.RemoteWebDriver.execute(RemoteWebDriver.java:552)
at org.openqa.selenium.remote.RemoteWebElement.execute(RemoteWebElement.java:285)
at org.openqa.selenium.remote.RemoteWebElement.click(RemoteWebElement.java:84)
at sun.reflect.GeneratedMethodAccessor2.invoke(Unknown Source)
at sun.reflect.DelegatingMethodAccessorImpl.invoke(DelegatingMethodAccessorImpl.java:43)
at java.lang.reflect.Method.invoke(Method.java:498)
at org.openqa.selenium.support.pagefactory.internal.LocatingElementHandler.invoke(LocatingElementHandler.java:51)
at com.sun.proxy.$Proxy23.click(Unknown Source)
at by.mmf.sharubapv.page.SearchPage.clickSearchButton(SearchPage.java:77)
at by.mmf.sharubapv.test.SearchTests.whenMoneyChangedToUsdPricesMustBeAtUsd(SearchTests.java:120)
at sun.reflect.NativeMethodAccessorImpl.invoke0(Native Method)
at sun.reflect.NativeMethodAccessorImpl.invoke(NativeMethodAccessorImpl.java:62)
at sun.reflect.DelegatingMethodAccessorImpl.invoke(DelegatingMethodAccessorImpl.java:43)
at java.lang.reflect.Method.invoke(Method.java:498)
at org.testng.internal.MethodInvocationHelper.invokeMethod(MethodInvocationHelper.java:124)
at org.testng.internal.Invoker.invokeMethod(Invoker.java:583)
at org.testng.internal.Invoker.invokeTestMethod(Invoker.java:719)
at org.testng.internal.Invoker.invokeTestMethods(Invoker.java:989)
at org.testng.internal.TestMethodWorker.invokeTestMethods(TestMethodWorker.java:125)
at org.testng.internal.TestMethodWorker.run(TestMethodWorker.java:109)
at org.testng.TestRunner.privateRun(TestRunner.java:648)
at org.testng.TestRunner.run(TestRunner.java:505)
at org.testng.SuiteRunner.runTest(SuiteRunner.java:455)
at org.testng.SuiteRunner.runSequentially(SuiteRunner.java:450)
at org.testng.SuiteRunner.privateRun(SuiteRunner.java:415)
at org.testng.SuiteRunner.run(SuiteRunner.java:364)
at org.testng.SuiteRunnerWorker.runSuite(SuiteRunnerWorker.java:52)
at org.testng.SuiteRunnerWorker.run(SuiteRunnerWorker.java:84)
at org.testng.TestNG.runSuitesSequentially(TestNG.java:1208)
at org.testng.TestNG.runSuitesLocally(TestNG.java:1137)
at org.testng.TestNG.runSuites(TestNG.java:1049)
at org.testng.TestNG.run(TestNG.java:1017)
at org.apache.maven.surefire.testng.TestNGExecutor.run(TestNGExecutor.java:135)
at org.apache.maven.surefire.testng.TestNGDirectoryTestSuite.executeMulti(TestNGDirectoryTestSuite.java:193)
at org.apache.maven.surefire.testng.TestNGDirectoryTestSuite.execute(TestNGDirectoryTestSuite.java:94)
at org.apache.maven.surefire.testng.TestNGProvider.invoke(TestNGProvider.java:146)
at org.apache.maven.surefire.booter.ForkedBooter.invokeProviderInSameClassLoader(ForkedBooter.java:384)
at org.apache.maven.surefire.booter.ForkedBooter.runSuitesInProcess(ForkedBooter.java:345)
at org.apache.maven.surefire.booter.ForkedBooter.execute(ForkedBooter.java:126)
at org.apache.maven.surefire.booter.ForkedBooter.main(ForkedBooter.java:418)
]]>
            </full-stacktrace>
          </exception> <!-- org.openqa.selenium.ElementClickInterceptedException -->
          <reporter-output>
          </reporter-output>
        </test-method> <!-- whenMoneyChangedToUsdPricesMustBeAtUsd -->
        <test-method status="PASS" signature="stopBrowser()[pri:0, instance:by.mmf.sharubapv.test.SearchTests@47f6473]" name="stopBrowser" is-config="true" duration-ms="627" started-at="2019-12-19T13:17:03Z" finished-at="2019-12-19T13:17:03Z">
          <reporter-output>
          </reporter-output>
        </test-method> <!-- stopBrowser -->
      </class> <!-- by.mmf.sharubapv.test.SearchTests -->
    </test> <!-- Surefire test -->
  </suite> <!-- Surefire suite -->
</testng-results>
